<?xml version="1.0" encoding="UTF-8"?>
<!-- Generated by org.testng.reporters.JUnitXMLReporter -->
<testsuite ignored="0" hostname="DesktopSM" failures="0" tests="4" name="Guru99AppTestCases" time="18.705" errors="0" timestamp="2023-05-06T20:28:56 PDT">
  <testcase classname="com.guru.qa.testcases.HomePageTest" name="homePageTitleTest" time="0.134"/>
  <testcase classname="com.guru.qa.testcases.HomePageTest" name="validateGuruLogoTest" time="0.048"/>
  <testcase classname="com.guru.qa.testcases.HomePageTest" name="validateListOfTutorialsTest" time="0.02"/>
  <testcase classname="com.guru.qa.testcases.SearchPageTest" name="searchButton" time="0.032"/>
</testsuite> <!-- Guru99AppTestCases -->
