<?xml version="1.0" encoding="UTF-8"?>
<!-- Generated by org.testng.reporters.JUnitXMLReporter -->
<testsuite ignored="2" hostname="DesktopSM" failures="0" tests="1" name="Default test" time="3.521" errors="0" timestamp="2023-05-06T22:57:22 PDT">
  <testcase classname="com.guru.qa.testcases.HomePageTest" name="validateListOfTutorialsTest" time="0.151"/>
  <testcase classname="com.guru.qa.testcases.HomePageTest" name="homePageTitleTest" time="0.0">
    <ignored/>
  </testcase> <!-- homePageTitleTest -->
  <testcase classname="com.guru.qa.testcases.HomePageTest" name="validateGuruLogoTest" time="0.0">
    <ignored/>
  </testcase> <!-- validateGuruLogoTest -->
</testsuite> <!-- Default test -->
