<?xml version="1.0" encoding="UTF-8"?>
<testng-results ignored="2" total="3" passed="1" failed="0" skipped="0">
  <reporter-output>
  </reporter-output>
  <suite started-at="2023-05-06T22:57:19 PDT" name="Default suite" finished-at="2023-05-06T22:57:22 PDT" duration-ms="3521">
    <groups>
    </groups>
    <test started-at="2023-05-06T22:57:19 PDT" name="Default test" finished-at="2023-05-06T22:57:22 PDT" duration-ms="3521">
      <class name="com.guru.qa.testcases.HomePageTest">
        <test-method is-config="true" signature="setUp()[pri:0, instance:com.guru.qa.testcases.HomePageTest@bd4dc25]" started-at="2023-05-06T22:57:19 PDT" name="setUp" finished-at="2023-05-06T22:57:21 PDT" duration-ms="2660" status="PASS">
          <reporter-output>
          </reporter-output>
        </test-method> <!-- setUp -->
        <test-method signature="validateListOfTutorialsTest()[pri:0, instance:com.guru.qa.testcases.HomePageTest@bd4dc25]" started-at="2023-05-06T22:57:21 PDT" name="validateListOfTutorialsTest" finished-at="2023-05-06T22:57:22 PDT" duration-ms="151" status="PASS">
          <reporter-output>
          </reporter-output>
        </test-method> <!-- validateListOfTutorialsTest -->
        <test-method is-config="true" signature="tearDown()[pri:0, instance:com.guru.qa.testcases.HomePageTest@bd4dc25]" started-at="2023-05-06T22:57:22 PDT" name="tearDown" finished-at="2023-05-06T22:57:22 PDT" duration-ms="655" status="PASS">
          <reporter-output>
          </reporter-output>
        </test-method> <!-- tearDown -->
      </class> <!-- com.guru.qa.testcases.HomePageTest -->
    </test> <!-- Default test -->
  </suite> <!-- Default suite -->
</testng-results>
